<?xml version="1.0" encoding="UTF-8"?>
<coverage generated="1737058324880" clover="3.2.0">
  <project timestamp="1737058324880" name="All files">
    <metrics statements="83" coveredstatements="83" conditionals="74" coveredconditionals="74" methods="24" coveredmethods="24" elements="181" coveredelements="181" complexity="0" loc="83" ncloc="83" packages="2" files="2" classes="2"/>
    <package name="src">
      <metrics statements="1" coveredstatements="1" conditionals="0" coveredconditionals="0" methods="1" coveredmethods="1"/>
      <file name="index.ts" path="/Users/melihsahin/Desktop/parallax-carousel-react/src/index.ts">
        <metrics statements="1" coveredstatements="1" conditionals="0" coveredconditionals="0" methods="1" coveredmethods="1"/>
        <line num="1" count="2" type="stmt"/>
      </file>
    </package>
    <package name="src.components.ParallaxCarousel">
      <metrics statements="82" coveredstatements="82" conditionals="74" coveredconditionals="74" methods="23" coveredmethods="23"/>
      <file name="ParallaxCarousel.tsx" path="/Users/melihsahin/Desktop/parallax-carousel-react/src/components/ParallaxCarousel/ParallaxCarousel.tsx">
        <metrics statements="82" coveredstatements="82" conditionals="74" coveredconditionals="74" methods="23" coveredmethods="23"/>
        <line num="1" count="2" type="stmt"/>
        <line num="3" count="2" type="stmt"/>
        <line num="5" count="2" type="stmt"/>
        <line num="6" count="123" type="stmt"/>
        <line num="7" count="123" type="cond" truecount="2" falsecount="0"/>
        <line num="8" count="123" type="cond" truecount="2" falsecount="0"/>
        <line num="9" count="123" type="stmt"/>
        <line num="10" count="123" type="cond" truecount="2" falsecount="0"/>
        <line num="11" count="123" type="cond" truecount="2" falsecount="0"/>
        <line num="12" count="123" type="cond" truecount="2" falsecount="0"/>
        <line num="13" count="123" type="cond" truecount="2" falsecount="0"/>
        <line num="14" count="123" type="cond" truecount="2" falsecount="0"/>
        <line num="15" count="123" type="stmt"/>
        <line num="16" count="123" type="cond" truecount="2" falsecount="0"/>
        <line num="17" count="123" type="cond" truecount="2" falsecount="0"/>
        <line num="18" count="123" type="cond" truecount="2" falsecount="0"/>
        <line num="19" count="123" type="cond" truecount="2" falsecount="0"/>
        <line num="20" count="123" type="cond" truecount="2" falsecount="0"/>
        <line num="21" count="123" type="cond" truecount="2" falsecount="0"/>
        <line num="23" count="123" type="stmt"/>
        <line num="24" count="123" type="stmt"/>
        <line num="25" count="123" type="stmt"/>
        <line num="26" count="123" type="stmt"/>
        <line num="27" count="123" type="stmt"/>
        <line num="29" count="123" type="stmt"/>
        <line num="30" count="123" type="cond" truecount="1" falsecount="0"/>
        <line num="32" count="2" type="stmt"/>
        <line num="40" count="123" type="stmt"/>
        <line num="42" count="46" type="stmt"/>
        <line num="44" count="46" type="cond" truecount="2" falsecount="0"/>
        <line num="45" count="5" type="stmt"/>
        <line num="47" count="41" type="stmt"/>
        <line num="50" count="46" type="stmt"/>
        <line num="51" count="46" type="cond" truecount="4" falsecount="0"/>
        <line num="57" count="123" type="stmt"/>
        <line num="58" count="121" type="cond" truecount="3" falsecount="0"/>
        <line num="60" count="119" type="stmt"/>
        <line num="61" count="3" type="stmt"/>
        <line num="64" count="119" type="stmt"/>
        <line num="68" count="123" type="stmt"/>
        <line num="69" count="118" type="cond" truecount="1" falsecount="0"/>
        <line num="71" count="117" type="stmt"/>
        <line num="72" count="9" type="cond" truecount="2" falsecount="0"/>
        <line num="73" count="3" type="stmt"/>
        <line num="74" count="6" type="cond" truecount="1" falsecount="0"/>
        <line num="75" count="3" type="stmt"/>
        <line num="79" count="117" type="stmt"/>
        <line num="80" count="117" type="stmt"/>
        <line num="83" count="123" type="stmt"/>
        <line num="84" count="22" type="stmt"/>
        <line num="85" count="22" type="stmt"/>
        <line num="86" count="22" type="stmt"/>
        <line num="87" count="22" type="stmt"/>
        <line num="90" count="123" type="stmt"/>
        <line num="91" count="16" type="stmt"/>
        <line num="94" count="123" type="stmt"/>
        <line num="95" count="18" type="stmt"/>
        <line num="96" count="18" type="stmt"/>
        <line num="99" count="123" type="stmt"/>
        <line num="100" count="18" type="stmt"/>
        <line num="101" count="18" type="stmt"/>
        <line num="103" count="18" type="cond" truecount="1" falsecount="0"/>
        <line num="104" count="11" type="cond" truecount="2" falsecount="0"/>
        <line num="105" count="9" type="stmt"/>
        <line num="107" count="2" type="stmt"/>
        <line num="112" count="123" type="stmt"/>
        <line num="113" count="2" type="cond" truecount="1" falsecount="0"/>
        <line num="114" count="2" type="stmt"/>
        <line num="118" count="123" type="stmt"/>
        <line num="119" count="1" type="cond" truecount="1" falsecount="0"/>
        <line num="120" count="1" type="stmt"/>
        <line num="124" count="123" type="stmt"/>
        <line num="141" count="361" type="stmt"/>
        <line num="169" count="2" type="stmt"/>
        <line num="177" count="18" type="stmt"/>
        <line num="189" count="358" type="stmt"/>
        <line num="195" count="2" type="stmt"/>
        <line num="197" count="3" type="cond" truecount="3" falsecount="0"/>
        <line num="198" count="2" type="stmt"/>
        <line num="211" count="12" type="stmt"/>
        <line num="217" count="2" type="stmt"/>
        <line num="229" count="2" type="stmt"/>
      </file>
    </package>
  </project>
</coverage>
