{"/Users/melihsahin/Desktop/parallax-carousel-react/src/index.ts": {"path":"/Users/melihsahin/Desktop/parallax-carousel-react/src/index.ts","statementMap":{"0":{"start":{"line":1,"column":0},"end":{"line":1,"column":9}},"1":{"start":{"line":1,"column":9},"end":{"line":1,"column":36}}},"fnMap":{"0":{"name":"(anonymous_1)","decl":{"start":{"line":1,"column":9},"end":{"line":1,"column":16}},"loc":{"start":{"line":1,"column":9},"end":{"line":1,"column":36}}}},"branchMap":{},"s":{"0":1,"1":2},"f":{"0":1},"b":{}}
,"/Users/melihsahin/Desktop/parallax-carousel-react/src/components/ParallaxCarousel/ParallaxCarousel.tsx": {"path":"/Users/melihsahin/Desktop/parallax-carousel-react/src/components/ParallaxCarousel/ParallaxCarousel.tsx","statementMap":{"0":{"start":{"line":1,"column":0},"end":{"line":1,"column":72}},"1":{"start":{"line":3,"column":0},"end":{"line":3,"column":32}},"2":{"start":{"line":5,"column":65},"end":{"line":227,"column":1}},"3":{"start":{"line":6,"column":7},"end":{"line":6,"column":null}},"4":{"start":{"line":7,"column":1},"end":{"line":7,"column":9}},"5":{"start":{"line":7,"column":9},"end":{"line":7,"column":null}},"6":{"start":{"line":8,"column":1},"end":{"line":8,"column":10}},"7":{"start":{"line":8,"column":10},"end":{"line":8,"column":null}},"8":{"start":{"line":9,"column":14},"end":{"line":9,"column":null}},"9":{"start":{"line":10,"column":1},"end":{"line":10,"column":11}},"10":{"start":{"line":10,"column":11},"end":{"line":10,"column":null}},"11":{"start":{"line":11,"column":1},"end":{"line":11,"column":9}},"12":{"start":{"line":11,"column":9},"end":{"line":11,"column":null}},"13":{"start":{"line":12,"column":1},"end":{"line":12,"column":15}},"14":{"start":{"line":12,"column":15},"end":{"line":12,"column":null}},"15":{"start":{"line":13,"column":1},"end":{"line":13,"column":9}},"16":{"start":{"line":13,"column":9},"end":{"line":13,"column":null}},"17":{"start":{"line":14,"column":1},"end":{"line":14,"column":13}},"18":{"start":{"line":14,"column":13},"end":{"line":14,"column":null}},"19":{"start":{"line":15,"column":6},"end":{"line":15,"column":null}},"20":{"start":{"line":16,"column":1},"end":{"line":16,"column":7}},"21":{"start":{"line":16,"column":7},"end":{"line":16,"column":null}},"22":{"start":{"line":17,"column":1},"end":{"line":17,"column":7}},"23":{"start":{"line":17,"column":7},"end":{"line":17,"column":null}},"24":{"start":{"line":18,"column":1},"end":{"line":18,"column":18}},"25":{"start":{"line":18,"column":18},"end":{"line":18,"column":null}},"26":{"start":{"line":19,"column":1},"end":{"line":19,"column":12}},"27":{"start":{"line":19,"column":12},"end":{"line":19,"column":null}},"28":{"start":{"line":20,"column":1},"end":{"line":20,"column":9}},"29":{"start":{"line":20,"column":9},"end":{"line":20,"column":null}},"30":{"start":{"line":21,"column":1},"end":{"line":21,"column":16}},"31":{"start":{"line":21,"column":16},"end":{"line":21,"column":null}},"32":{"start":{"line":23,"column":41},"end":{"line":23,"column":52}},"33":{"start":{"line":23,"column":20},"end":{"line":23,"column":22}},"34":{"start":{"line":23,"column":37},"end":{"line":23,"column":41}},"35":{"start":{"line":24,"column":33},"end":{"line":24,"column":48}},"36":{"start":{"line":24,"column":16},"end":{"line":24,"column":18}},"37":{"start":{"line":24,"column":29},"end":{"line":24,"column":33}},"38":{"start":{"line":25,"column":21},"end":{"line":25,"column":38}},"39":{"start":{"line":26,"column":19},"end":{"line":26,"column":36}},"40":{"start":{"line":27,"column":22},"end":{"line":27,"column":50}},"41":{"start":{"line":29,"column":30},"end":{"line":38,"column":2}},"42":{"start":{"line":30,"column":2},"end":{"line":30,"column":24}},"43":{"start":{"line":30,"column":14},"end":{"line":30,"column":24}},"44":{"start":{"line":32,"column":2},"end":{"line":37,"column":27}},"45":{"start":{"line":40,"column":27},"end":{"line":53,"column":null}},"46":{"start":{"line":42,"column":20},"end":{"line":42,"column":28}},"47":{"start":{"line":44,"column":3},"end":{"line":48,"column":null}},"48":{"start":{"line":45,"column":4},"end":{"line":45,"column":68}},"49":{"start":{"line":47,"column":4},"end":{"line":47,"column":60}},"50":{"start":{"line":50,"column":3},"end":{"line":50,"column":31}},"51":{"start":{"line":51,"column":3},"end":{"line":51,"column":31}},"52":{"start":{"line":57,"column":1},"end":{"line":65,"column":69}},"53":{"start":{"line":58,"column":2},"end":{"line":58,"column":36}},"54":{"start":{"line":58,"column":29},"end":{"line":58,"column":36}},"55":{"start":{"line":60,"column":16},"end":{"line":62,"column":14}},"56":{"start":{"line":61,"column":3},"end":{"line":61,"column":39}},"57":{"start":{"line":64,"column":2},"end":{"line":64,"column":36}},"58":{"start":{"line":64,"column":15},"end":{"line":64,"column":36}},"59":{"start":{"line":68,"column":1},"end":{"line":81,"column":56}},"60":{"start":{"line":69,"column":2},"end":{"line":69,"column":31}},"61":{"start":{"line":69,"column":24},"end":{"line":69,"column":31}},"62":{"start":{"line":71,"column":24},"end":{"line":77,"column":3}},"63":{"start":{"line":72,"column":3},"end":{"line":76,"column":null}},"64":{"start":{"line":73,"column":4},"end":{"line":73,"column":40}},"65":{"start":{"line":74,"column":10},"end":{"line":76,"column":null}},"66":{"start":{"line":75,"column":4},"end":{"line":75,"column":40}},"67":{"start":{"line":79,"column":2},"end":{"line":79,"column":52}},"68":{"start":{"line":80,"column":2},"end":{"line":80,"column":68}},"69":{"start":{"line":80,"column":15},"end":{"line":80,"column":68}},"70":{"start":{"line":83,"column":26},"end":{"line":88,"column":2}},"71":{"start":{"line":84,"column":16},"end":{"line":84,"column":28}},"72":{"start":{"line":85,"column":2},"end":{"line":85,"column":38}},"73":{"start":{"line":86,"column":2},"end":{"line":86,"column":36}},"74":{"start":{"line":87,"column":2},"end":{"line":87,"column":62}},"75":{"start":{"line":90,"column":25},"end":{"line":92,"column":2}},"76":{"start":{"line":91,"column":2},"end":{"line":91,"column":43}},"77":{"start":{"line":94,"column":24},"end":{"line":97,"column":2}},"78":{"start":{"line":95,"column":2},"end":{"line":95,"column":57}},"79":{"start":{"line":96,"column":2},"end":{"line":96,"column":16}},"80":{"start":{"line":99,"column":21},"end":{"line":110,"column":2}},"81":{"start":{"line":100,"column":25},"end":{"line":100,"column":27}},"82":{"start":{"line":101,"column":21},"end":{"line":101,"column":60}},"83":{"start":{"line":103,"column":2},"end":{"line":109,"column":null}},"84":{"start":{"line":104,"column":3},"end":{"line":108,"column":null}},"85":{"start":{"line":105,"column":4},"end":{"line":105,"column":40}},"86":{"start":{"line":107,"column":4},"end":{"line":107,"column":40}},"87":{"start":{"line":112,"column":26},"end":{"line":116,"column":2}},"88":{"start":{"line":113,"column":2},"end":{"line":115,"column":null}},"89":{"start":{"line":114,"column":3},"end":{"line":114,"column":21}},"90":{"start":{"line":118,"column":26},"end":{"line":122,"column":2}},"91":{"start":{"line":119,"column":2},"end":{"line":121,"column":null}},"92":{"start":{"line":120,"column":3},"end":{"line":120,"column":22}},"93":{"start":{"line":124,"column":1},"end":{"line":226,"column":3}},"94":{"start":{"line":141,"column":34},"end":{"line":161,"column":6}},"95":{"start":{"line":169,"column":21},"end":{"line":169,"column":null}},"96":{"start":{"line":177,"column":21},"end":{"line":177,"column":null}},"97":{"start":{"line":189,"column":31},"end":{"line":204,"column":7}},"98":{"start":{"line":195,"column":22},"end":{"line":195,"column":null}},"99":{"start":{"line":197,"column":8},"end":{"line":199,"column":null}},"100":{"start":{"line":198,"column":9},"end":{"line":198,"column":34}},"101":{"start":{"line":211,"column":35},"end":{"line":222,"column":7}},"102":{"start":{"line":217,"column":22},"end":{"line":217,"column":null}},"103":{"start":{"line":5,"column":13},"end":{"line":5,"column":65}},"104":{"start":{"line":229,"column":0},"end":{"line":229,"column":32}}},"fnMap":{"0":{"name":"(anonymous_8)","decl":{"start":{"line":5,"column":65},"end":{"line":5,"column":66}},"loc":{"start":{"line":22,"column":1},"end":{"line":227,"column":1}}},"1":{"name":"(anonymous_9)","decl":{"start":{"line":29,"column":30},"end":{"line":29,"column":null}},"loc":{"start":{"line":29,"column":30},"end":{"line":38,"column":2}}},"2":{"name":"(anonymous_10)","decl":{"start":{"line":41,"column":2},"end":{"line":41,"column":3}},"loc":{"start":{"line":41,"column":19},"end":{"line":52,"column":3}}},"3":{"name":"(anonymous_11)","decl":{"start":{"line":57,"column":11},"end":{"line":57,"column":null}},"loc":{"start":{"line":57,"column":11},"end":{"line":65,"column":2}}},"4":{"name":"(anonymous_12)","decl":{"start":{"line":60,"column":28},"end":{"line":60,"column":null}},"loc":{"start":{"line":60,"column":28},"end":{"line":62,"column":3}}},"5":{"name":"(anonymous_13)","decl":{"start":{"line":64,"column":9},"end":{"line":64,"column":15}},"loc":{"start":{"line":64,"column":9},"end":{"line":64,"column":28}}},"6":{"name":"(anonymous_14)","decl":{"start":{"line":68,"column":11},"end":{"line":68,"column":null}},"loc":{"start":{"line":68,"column":11},"end":{"line":81,"column":2}}},"7":{"name":"(anonymous_15)","decl":{"start":{"line":71,"column":24},"end":{"line":71,"column":25}},"loc":{"start":{"line":71,"column":41},"end":{"line":77,"column":3}}},"8":{"name":"(anonymous_16)","decl":{"start":{"line":80,"column":9},"end":{"line":80,"column":15}},"loc":{"start":{"line":80,"column":9},"end":{"line":80,"column":21}}},"9":{"name":"(anonymous_17)","decl":{"start":{"line":83,"column":26},"end":{"line":83,"column":27}},"loc":{"start":{"line":83,"column":46},"end":{"line":88,"column":2}}},"10":{"name":"(anonymous_18)","decl":{"start":{"line":90,"column":25},"end":{"line":90,"column":26}},"loc":{"start":{"line":90,"column":45},"end":{"line":92,"column":2}}},"11":{"name":"(anonymous_19)","decl":{"start":{"line":94,"column":24},"end":{"line":94,"column":null}},"loc":{"start":{"line":94,"column":24},"end":{"line":97,"column":2}}},"12":{"name":"(anonymous_20)","decl":{"start":{"line":99,"column":21},"end":{"line":99,"column":null}},"loc":{"start":{"line":99,"column":21},"end":{"line":110,"column":2}}},"13":{"name":"(anonymous_21)","decl":{"start":{"line":112,"column":26},"end":{"line":112,"column":null}},"loc":{"start":{"line":112,"column":26},"end":{"line":116,"column":2}}},"14":{"name":"(anonymous_22)","decl":{"start":{"line":118,"column":26},"end":{"line":118,"column":null}},"loc":{"start":{"line":118,"column":26},"end":{"line":122,"column":2}}},"15":{"name":"(anonymous_23)","decl":{"start":{"line":141,"column":16},"end":{"line":141,"column":17}},"loc":{"start":{"line":141,"column":29},"end":{"line":141,"column":null}}},"16":{"name":"(anonymous_24)","decl":{"start":{"line":169,"column":15},"end":{"line":169,"column":21}},"loc":{"start":{"line":169,"column":15},"end":{"line":169,"column":38}}},"17":{"name":"(anonymous_25)","decl":{"start":{"line":177,"column":15},"end":{"line":177,"column":21}},"loc":{"start":{"line":177,"column":15},"end":{"line":177,"column":38}}},"18":{"name":"(anonymous_26)","decl":{"start":{"line":189,"column":17},"end":{"line":189,"column":18}},"loc":{"start":{"line":189,"column":26},"end":{"line":189,"column":null}}},"19":{"name":"(anonymous_27)","decl":{"start":{"line":195,"column":16},"end":{"line":195,"column":22}},"loc":{"start":{"line":195,"column":16},"end":{"line":195,"column":39}}},"20":{"name":"(anonymous_28)","decl":{"start":{"line":196,"column":18},"end":{"line":196,"column":19}},"loc":{"start":{"line":196,"column":20},"end":{"line":200,"column":8}}},"21":{"name":"(anonymous_29)","decl":{"start":{"line":211,"column":17},"end":{"line":211,"column":18}},"loc":{"start":{"line":211,"column":30},"end":{"line":211,"column":null}}},"22":{"name":"(anonymous_30)","decl":{"start":{"line":217,"column":16},"end":{"line":217,"column":22}},"loc":{"start":{"line":217,"column":16},"end":{"line":217,"column":39}}}},"branchMap":{"0":{"loc":{"start":{"line":7,"column":9},"end":{"line":7,"column":null}},"type":"cond-expr","locations":[{"start":{"line":7,"column":12},"end":{"line":7,"column":16}},{"start":{"line":7,"column":16},"end":{"line":7,"column":null}}]},"1":{"loc":{"start":{"line":8,"column":10},"end":{"line":8,"column":null}},"type":"cond-expr","locations":[{"start":{"line":8,"column":13},"end":{"line":8,"column":15}},{"start":{"line":8,"column":15},"end":{"line":8,"column":null}}]},"2":{"loc":{"start":{"line":10,"column":11},"end":{"line":10,"column":null}},"type":"cond-expr","locations":[{"start":{"line":10,"column":14},"end":{"line":10,"column":18}},{"start":{"line":10,"column":18},"end":{"line":10,"column":null}}]},"3":{"loc":{"start":{"line":11,"column":9},"end":{"line":11,"column":null}},"type":"cond-expr","locations":[{"start":{"line":11,"column":12},"end":{"line":11,"column":16}},{"start":{"line":11,"column":16},"end":{"line":11,"column":null}}]},"4":{"loc":{"start":{"line":12,"column":15},"end":{"line":12,"column":null}},"type":"cond-expr","locations":[{"start":{"line":12,"column":18},"end":{"line":12,"column":23}},{"start":{"line":12,"column":23},"end":{"line":12,"column":null}}]},"5":{"loc":{"start":{"line":13,"column":9},"end":{"line":13,"column":null}},"type":"cond-expr","locations":[{"start":{"line":13,"column":12},"end":{"line":13,"column":16}},{"start":{"line":13,"column":16},"end":{"line":13,"column":null}}]},"6":{"loc":{"start":{"line":14,"column":13},"end":{"line":14,"column":null}},"type":"cond-expr","locations":[{"start":{"line":14,"column":16},"end":{"line":14,"column":20}},{"start":{"line":14,"column":20},"end":{"line":14,"column":null}}]},"7":{"loc":{"start":{"line":16,"column":7},"end":{"line":16,"column":null}},"type":"cond-expr","locations":[{"start":{"line":16,"column":10},"end":{"line":16,"column":17}},{"start":{"line":16,"column":17},"end":{"line":16,"column":null}}]},"8":{"loc":{"start":{"line":17,"column":7},"end":{"line":17,"column":null}},"type":"cond-expr","locations":[{"start":{"line":17,"column":10},"end":{"line":17,"column":17}},{"start":{"line":17,"column":17},"end":{"line":17,"column":null}}]},"9":{"loc":{"start":{"line":18,"column":18},"end":{"line":18,"column":null}},"type":"cond-expr","locations":[{"start":{"line":18,"column":21},"end":{"line":18,"column":29}},{"start":{"line":18,"column":29},"end":{"line":18,"column":null}}]},"10":{"loc":{"start":{"line":19,"column":12},"end":{"line":19,"column":null}},"type":"cond-expr","locations":[{"start":{"line":19,"column":15},"end":{"line":19,"column":20}},{"start":{"line":19,"column":20},"end":{"line":19,"column":null}}]},"11":{"loc":{"start":{"line":20,"column":9},"end":{"line":20,"column":null}},"type":"cond-expr","locations":[{"start":{"line":20,"column":12},"end":{"line":20,"column":16}},{"start":{"line":20,"column":16},"end":{"line":20,"column":null}}]},"12":{"loc":{"start":{"line":21,"column":16},"end":{"line":21,"column":null}},"type":"cond-expr","locations":[{"start":{"line":21,"column":19},"end":{"line":21,"column":23}},{"start":{"line":21,"column":23},"end":{"line":21,"column":null}}]},"13":{"loc":{"start":{"line":30,"column":2},"end":{"line":30,"column":24}},"type":"if","locations":[{"start":{"line":30,"column":2},"end":{"line":30,"column":24}}]},"14":{"loc":{"start":{"line":44,"column":3},"end":{"line":48,"column":null}},"type":"if","locations":[{"start":{"line":44,"column":3},"end":{"line":48,"column":null}},{"start":{"line":46,"column":10},"end":{"line":48,"column":null}}]},"15":{"loc":{"start":{"line":51,"column":3},"end":{"line":51,"column":30}},"type":"cond-expr","locations":[{"start":{"line":51,"column":16},"end":{"line":51,"column":19}},{"start":{"line":51,"column":3},"end":{"line":51,"column":30}}]},"16":{"loc":{"start":{"line":51,"column":3},"end":{"line":51,"column":19}},"type":"binary-expr","locations":[{"start":{"line":51,"column":3},"end":{"line":51,"column":19}},{"start":{"line":51,"column":3},"end":{"line":51,"column":19}}]},"17":{"loc":{"start":{"line":58,"column":2},"end":{"line":58,"column":36}},"type":"if","locations":[{"start":{"line":58,"column":2},"end":{"line":58,"column":36}}]},"18":{"loc":{"start":{"line":58,"column":6},"end":{"line":58,"column":27}},"type":"binary-expr","locations":[{"start":{"line":58,"column":6},"end":{"line":58,"column":15}},{"start":{"line":58,"column":19},"end":{"line":58,"column":27}}]},"19":{"loc":{"start":{"line":69,"column":2},"end":{"line":69,"column":31}},"type":"if","locations":[{"start":{"line":69,"column":2},"end":{"line":69,"column":31}}]},"20":{"loc":{"start":{"line":72,"column":3},"end":{"line":76,"column":null}},"type":"if","locations":[{"start":{"line":72,"column":3},"end":{"line":76,"column":null}},{"start":{"line":74,"column":10},"end":{"line":76,"column":null}}]},"21":{"loc":{"start":{"line":74,"column":10},"end":{"line":76,"column":null}},"type":"if","locations":[{"start":{"line":74,"column":10},"end":{"line":76,"column":null}}]},"22":{"loc":{"start":{"line":103,"column":2},"end":{"line":109,"column":null}},"type":"if","locations":[{"start":{"line":103,"column":2},"end":{"line":109,"column":null}}]},"23":{"loc":{"start":{"line":104,"column":3},"end":{"line":108,"column":null}},"type":"if","locations":[{"start":{"line":104,"column":3},"end":{"line":108,"column":null}},{"start":{"line":106,"column":10},"end":{"line":108,"column":null}}]},"24":{"loc":{"start":{"line":113,"column":2},"end":{"line":115,"column":null}},"type":"if","locations":[{"start":{"line":113,"column":2},"end":{"line":115,"column":null}}]},"25":{"loc":{"start":{"line":119,"column":2},"end":{"line":121,"column":null}},"type":"if","locations":[{"start":{"line":119,"column":2},"end":{"line":121,"column":null}}]},"26":{"loc":{"start":{"line":145,"column":7},"end":{"line":145,"column":45}},"type":"cond-expr","locations":[{"start":{"line":145,"column":32},"end":{"line":145,"column":40}},{"start":{"line":145,"column":43},"end":{"line":145,"column":45}}]},"27":{"loc":{"start":{"line":151,"column":12},"end":{"line":151,"column":45}},"type":"binary-expr","locations":[{"start":{"line":151,"column":12},"end":{"line":151,"column":21}},{"start":{"line":151,"column":25},"end":{"line":151,"column":45}}]},"28":{"loc":{"start":{"line":154,"column":7},"end":{"line":158,"column":null}},"type":"binary-expr","locations":[{"start":{"line":154,"column":7},"end":{"line":154,"column":18}},{"start":{"line":154,"column":23},"end":{"line":154,"column":34}},{"start":{"line":154,"column":38},"end":{"line":154,"column":55}},{"start":{"line":155,"column":7},"end":{"line":157,"column":null}}]},"29":{"loc":{"start":{"line":156,"column":9},"end":{"line":156,"column":46}},"type":"binary-expr","locations":[{"start":{"line":156,"column":9},"end":{"line":156,"column":20}},{"start":{"line":156,"column":24},"end":{"line":156,"column":46}}]},"30":{"loc":{"start":{"line":157,"column":9},"end":{"line":157,"column":56}},"type":"binary-expr","locations":[{"start":{"line":157,"column":9},"end":{"line":157,"column":26}},{"start":{"line":157,"column":30},"end":{"line":157,"column":56}}]},"31":{"loc":{"start":{"line":165,"column":4},"end":{"line":183,"column":null}},"type":"binary-expr","locations":[{"start":{"line":165,"column":4},"end":{"line":165,"column":14}},{"start":{"line":166,"column":4},"end":{"line":182,"column":null}}]},"32":{"loc":{"start":{"line":170,"column":16},"end":{"line":170,"column":47}},"type":"binary-expr","locations":[{"start":{"line":170,"column":16},"end":{"line":170,"column":25}},{"start":{"line":170,"column":29},"end":{"line":170,"column":47}}]},"33":{"loc":{"start":{"line":178,"column":16},"end":{"line":178,"column":63}},"type":"binary-expr","locations":[{"start":{"line":178,"column":16},"end":{"line":178,"column":25}},{"start":{"line":178,"column":29},"end":{"line":178,"column":63}}]},"34":{"loc":{"start":{"line":187,"column":4},"end":{"line":205,"column":null}},"type":"binary-expr","locations":[{"start":{"line":187,"column":4},"end":{"line":187,"column":12}},{"start":{"line":188,"column":4},"end":{"line":204,"column":null}}]},"35":{"loc":{"start":{"line":193,"column":8},"end":{"line":193,"column":46}},"type":"cond-expr","locations":[{"start":{"line":193,"column":33},"end":{"line":193,"column":41}},{"start":{"line":193,"column":44},"end":{"line":193,"column":46}}]},"36":{"loc":{"start":{"line":197,"column":8},"end":{"line":199,"column":null}},"type":"if","locations":[{"start":{"line":197,"column":8},"end":{"line":199,"column":null}}]},"37":{"loc":{"start":{"line":197,"column":12},"end":{"line":197,"column":46}},"type":"binary-expr","locations":[{"start":{"line":197,"column":12},"end":{"line":197,"column":29}},{"start":{"line":197,"column":33},"end":{"line":197,"column":46}}]},"38":{"loc":{"start":{"line":209,"column":4},"end":{"line":223,"column":null}},"type":"binary-expr","locations":[{"start":{"line":209,"column":4},"end":{"line":209,"column":18}},{"start":{"line":210,"column":4},"end":{"line":222,"column":null}}]},"39":{"loc":{"start":{"line":215,"column":8},"end":{"line":215,"column":46}},"type":"cond-expr","locations":[{"start":{"line":215,"column":33},"end":{"line":215,"column":41}},{"start":{"line":215,"column":44},"end":{"line":215,"column":46}}]}},"s":{"0":2,"1":2,"2":2,"3":123,"4":123,"5":123,"6":123,"7":123,"8":123,"9":123,"10":123,"11":123,"12":123,"13":123,"14":123,"15":123,"16":123,"17":123,"18":123,"19":123,"20":123,"21":123,"22":123,"23":123,"24":123,"25":123,"26":123,"27":123,"28":123,"29":123,"30":123,"31":123,"32":123,"33":123,"34":123,"35":123,"36":123,"37":123,"38":123,"39":123,"40":123,"41":123,"42":123,"43":121,"44":2,"45":123,"46":46,"47":46,"48":5,"49":41,"50":46,"51":46,"52":123,"53":121,"54":2,"55":119,"56":3,"57":119,"58":119,"59":123,"60":118,"61":1,"62":117,"63":9,"64":3,"65":6,"66":3,"67":117,"68":117,"69":117,"70":123,"71":22,"72":22,"73":22,"74":22,"75":123,"76":16,"77":123,"78":18,"79":18,"80":123,"81":18,"82":18,"83":18,"84":11,"85":9,"86":2,"87":123,"88":2,"89":2,"90":123,"91":1,"92":1,"93":123,"94":361,"95":2,"96":18,"97":358,"98":2,"99":3,"100":2,"101":12,"102":2,"103":2,"104":2},"f":{"0":123,"1":123,"2":46,"3":121,"4":3,"5":119,"6":118,"7":9,"8":117,"9":22,"10":16,"11":18,"12":18,"13":2,"14":1,"15":361,"16":2,"17":18,"18":358,"19":2,"20":3,"21":12,"22":2},"b":{"0":[114,9],"1":[122,1],"2":[119,4],"3":[121,2],"4":[119,4],"5":[112,11],"6":[117,6],"7":[119,4],"8":[122,1],"9":[118,5],"10":[117,6],"11":[101,22],"12":[110,13],"13":[121],"14":[5,41],"15":[40,6],"16":[46,46],"17":[2],"18":[121,121],"19":[1],"20":[3,6],"21":[3],"22":[11],"23":[9,2],"24":[2],"25":[1],"26":[123,238],"27":[361,4],"28":[361,9,2,8],"29":[8,7],"30":[8,7],"31":[123,122],"32":[122,8],"33":[122,8],"34":[123,122],"35":[122,236],"36":[2],"37":[3,2],"38":[123,4],"39":[4,8]}}
}
