TN:
SF:src/index.ts
FN:1,(anonymous_1)
FNF:1
FNH:1
FNDA:1,(anonymous_1)
DA:1,2
LF:1
LH:1
BRF:0
BRH:0
end_of_record
TN:
SF:src/components/ParallaxCarousel/ParallaxCarousel.tsx
FN:5,(anonymous_8)
FN:29,(anonymous_9)
FN:41,(anonymous_10)
FN:57,(anonymous_11)
FN:60,(anonymous_12)
FN:64,(anonymous_13)
FN:68,(anonymous_14)
FN:71,(anonymous_15)
FN:80,(anonymous_16)
FN:83,(anonymous_17)
FN:90,(anonymous_18)
FN:94,(anonymous_19)
FN:99,(anonymous_20)
FN:112,(anonymous_21)
FN:118,(anonymous_22)
FN:141,(anonymous_23)
FN:169,(anonymous_24)
FN:177,(anonymous_25)
FN:189,(anonymous_26)
FN:195,(anonymous_27)
FN:196,(anonymous_28)
FN:211,(anonymous_29)
FN:217,(anonymous_30)
FNF:23
FNH:23
FNDA:123,(anonymous_8)
FNDA:123,(anonymous_9)
FNDA:46,(anonymous_10)
FNDA:121,(anonymous_11)
FNDA:3,(anonymous_12)
FNDA:119,(anonymous_13)
FNDA:118,(anonymous_14)
FNDA:9,(anonymous_15)
FNDA:117,(anonymous_16)
FNDA:22,(anonymous_17)
FNDA:16,(anonymous_18)
FNDA:18,(anonymous_19)
FNDA:18,(anonymous_20)
FNDA:2,(anonymous_21)
FNDA:1,(anonymous_22)
FNDA:361,(anonymous_23)
FNDA:2,(anonymous_24)
FNDA:18,(anonymous_25)
FNDA:358,(anonymous_26)
FNDA:2,(anonymous_27)
FNDA:3,(anonymous_28)
FNDA:12,(anonymous_29)
FNDA:2,(anonymous_30)
DA:1,2
DA:3,2
DA:5,2
DA:6,123
DA:7,123
DA:8,123
DA:9,123
DA:10,123
DA:11,123
DA:12,123
DA:13,123
DA:14,123
DA:15,123
DA:16,123
DA:17,123
DA:18,123
DA:19,123
DA:20,123
DA:21,123
DA:23,123
DA:24,123
DA:25,123
DA:26,123
DA:27,123
DA:29,123
DA:30,123
DA:32,2
DA:40,123
DA:42,46
DA:44,46
DA:45,5
DA:47,41
DA:50,46
DA:51,46
DA:57,123
DA:58,121
DA:60,119
DA:61,3
DA:64,119
DA:68,123
DA:69,118
DA:71,117
DA:72,9
DA:73,3
DA:74,6
DA:75,3
DA:79,117
DA:80,117
DA:83,123
DA:84,22
DA:85,22
DA:86,22
DA:87,22
DA:90,123
DA:91,16
DA:94,123
DA:95,18
DA:96,18
DA:99,123
DA:100,18
DA:101,18
DA:103,18
DA:104,11
DA:105,9
DA:107,2
DA:112,123
DA:113,2
DA:114,2
DA:118,123
DA:119,1
DA:120,1
DA:124,123
DA:141,361
DA:169,2
DA:177,18
DA:189,358
DA:195,2
DA:197,3
DA:198,2
DA:211,12
DA:217,2
DA:229,2
LF:82
LH:82
BRDA:7,0,0,114
BRDA:7,0,1,9
BRDA:8,1,0,122
BRDA:8,1,1,1
BRDA:10,2,0,119
BRDA:10,2,1,4
BRDA:11,3,0,121
BRDA:11,3,1,2
BRDA:12,4,0,119
BRDA:12,4,1,4
BRDA:13,5,0,112
BRDA:13,5,1,11
BRDA:14,6,0,117
BRDA:14,6,1,6
BRDA:16,7,0,119
BRDA:16,7,1,4
BRDA:17,8,0,122
BRDA:17,8,1,1
BRDA:18,9,0,118
BRDA:18,9,1,5
BRDA:19,10,0,117
BRDA:19,10,1,6
BRDA:20,11,0,101
BRDA:20,11,1,22
BRDA:21,12,0,110
BRDA:21,12,1,13
BRDA:30,13,0,121
BRDA:44,14,0,5
BRDA:44,14,1,41
BRDA:51,15,0,40
BRDA:51,15,1,6
BRDA:51,16,0,46
BRDA:51,16,1,46
BRDA:58,17,0,2
BRDA:58,18,0,121
BRDA:58,18,1,121
BRDA:69,19,0,1
BRDA:72,20,0,3
BRDA:72,20,1,6
BRDA:74,21,0,3
BRDA:103,22,0,11
BRDA:104,23,0,9
BRDA:104,23,1,2
BRDA:113,24,0,2
BRDA:119,25,0,1
BRDA:145,26,0,123
BRDA:145,26,1,238
BRDA:151,27,0,361
BRDA:151,27,1,4
BRDA:154,28,0,361
BRDA:154,28,1,9
BRDA:154,28,2,2
BRDA:154,28,3,8
BRDA:156,29,0,8
BRDA:156,29,1,7
BRDA:157,30,0,8
BRDA:157,30,1,7
BRDA:165,31,0,123
BRDA:165,31,1,122
BRDA:170,32,0,122
BRDA:170,32,1,8
BRDA:178,33,0,122
BRDA:178,33,1,8
BRDA:187,34,0,123
BRDA:187,34,1,122
BRDA:193,35,0,122
BRDA:193,35,1,236
BRDA:197,36,0,2
BRDA:197,37,0,3
BRDA:197,37,1,2
BRDA:209,38,0,123
BRDA:209,38,1,4
BRDA:215,39,0,4
BRDA:215,39,1,8
BRF:74
BRH:74
end_of_record
